{
  "RSpec": {
    "coverage": {
      "/home/saasbook/Documents/TeamAwesome/app/controllers/application_controller.rb": [
        1,
        1,
        1,
        1,
        0,
        0,
        null,
        null
      ],
      "/home/saasbook/Documents/TeamAwesome/app/helpers/application_helper.rb": [
        1,
        null
      ],
      "/home/saasbook/Documents/TeamAwesome/app/controllers/sessions_controller.rb": [
        1,
        1,
        null,
        1,
        null,
        null,
        1,
        4,
        4,
        null,
        3,
        3,
        3,
        null,
        1,
        1,
        null,
        null,
        null,
        1,
        2,
        2,
        2,
        2,
        null,
        null,
        null,
        null
      ],
      "/home/saasbook/Documents/TeamAwesome/app/controllers/streams_controller.rb": [
        1,
        1,
        null,
        1,
        null,
        1,
        null,
        1,
        0,
        0,
        null,
        null,
        1,
        0,
        0,
        0,
        null,
        null,
        null
      ],
      "/home/saasbook/Documents/TeamAwesome/app/models/stream.rb": [
        1,
        null
      ],
      "/home/saasbook/Documents/TeamAwesome/app/controllers/users_controller.rb": [
        1,
        null,
        1,
        null,
        1,
        null,
        null,
        null,
        1,
        1,
        1,
        0,
        0,
        0,
        null,
        1,
        null,
        null,
        null
      ],
      "/home/saasbook/Documents/TeamAwesome/app/models/user.rb": [
        1,
        null,
        1,
        1,
        null,
        1,
        1,
        1,
        1,
        null,
        1,
        1,
        1,
        1,
        1,
        null,
        1,
        1,
        0,
        null,
        null,
        null
      ]
    },
    "timestamp": 1384136687
  }
}
